Compiling the C compiler identification source file "CMakeCCompilerId.c" failed.
Compiler: E:/android_config/third_ndk/ndk-bundle/toolchains/aarch64-linux-android-4.9/prebuilt/windows-x86_64/bin/aarch64-linux-android-gcc.exe 
Build flags: -isystem;E:/android_config/third_ndk/ndk-bundle/sysroot/usr/include/aarch64-linux-android;-D__ANDROID_API__=24;-g;-DANDROID;-ffunction-sections;-funwind-tables;-fstack-protector-strong;-no-canonical-prefixes;-Wa,--noexecstack;-Wformat;-Werror=format-security;
Id flags:  

The output was:
1
E:/android_config/third_ndk/ndk-bundle/toolchains/aarch64-linux-android-4.9/prebuilt/windows-x86_64/bin/../lib/gcc/aarch64-linux-android/4.9.x/../../../../aarch64-linux-android/bin/ld.exe: cannot find crtbegin_dynamic.o: No such file or directory
E:/android_config/third_ndk/ndk-bundle/toolchains/aarch64-linux-android-4.9/prebuilt/windows-x86_64/bin/../lib/gcc/aarch64-linux-android/4.9.x/../../../../aarch64-linux-android/bin/ld.exe: cannot find -lc
E:/android_config/third_ndk/ndk-bundle/toolchains/aarch64-linux-android-4.9/prebuilt/windows-x86_64/bin/../lib/gcc/aarch64-linux-android/4.9.x/../../../../aarch64-linux-android/bin/ld.exe: cannot find -ldl
E:/android_config/third_ndk/ndk-bundle/toolchains/aarch64-linux-android-4.9/prebuilt/windows-x86_64/bin/../lib/gcc/aarch64-linux-android/4.9.x/../../../../aarch64-linux-android/bin/ld.exe: cannot find crtend_android.o: No such file or directory
collect2.exe: error: ld returned 1 exit status


Compiling the CXX compiler identification source file "CMakeCXXCompilerId.cpp" failed.
Compiler: E:/android_config/third_ndk/ndk-bundle/toolchains/aarch64-linux-android-4.9/prebuilt/windows-x86_64/bin/aarch64-linux-android-g++.exe 
Build flags: -isystem;E:/android_config/third_ndk/ndk-bundle/sysroot/usr/include/aarch64-linux-android;-D__ANDROID_API__=24;-g;-DANDROID;-ffunction-sections;-funwind-tables;-fstack-protector-strong;-no-canonical-prefixes;-Wa,--noexecstack;-Wformat;-Werror=format-security;-std=c++11;-fno-strict-aliasing;
Id flags:  

The output was:
1
E:/android_config/third_ndk/ndk-bundle/toolchains/aarch64-linux-android-4.9/prebuilt/windows-x86_64/bin/../lib/gcc/aarch64-linux-android/4.9.x/../../../../aarch64-linux-android/bin/ld.exe: cannot find crtbegin_dynamic.o: No such file or directory
E:/android_config/third_ndk/ndk-bundle/toolchains/aarch64-linux-android-4.9/prebuilt/windows-x86_64/bin/../lib/gcc/aarch64-linux-android/4.9.x/../../../../aarch64-linux-android/bin/ld.exe: cannot find -lstdc++
E:/android_config/third_ndk/ndk-bundle/toolchains/aarch64-linux-android-4.9/prebuilt/windows-x86_64/bin/../lib/gcc/aarch64-linux-android/4.9.x/../../../../aarch64-linux-android/bin/ld.exe: cannot find -lm
E:/android_config/third_ndk/ndk-bundle/toolchains/aarch64-linux-android-4.9/prebuilt/windows-x86_64/bin/../lib/gcc/aarch64-linux-android/4.9.x/../../../../aarch64-linux-android/bin/ld.exe: cannot find -lc
E:/android_config/third_ndk/ndk-bundle/toolchains/aarch64-linux-android-4.9/prebuilt/windows-x86_64/bin/../lib/gcc/aarch64-linux-android/4.9.x/../../../../aarch64-linux-android/bin/ld.exe: cannot find -ldl
E:/android_config/third_ndk/ndk-bundle/toolchains/aarch64-linux-android-4.9/prebuilt/windows-x86_64/bin/../lib/gcc/aarch64-linux-android/4.9.x/../../../../aarch64-linux-android/bin/ld.exe: cannot find crtend_android.o: No such file or directory
collect2.exe: error: ld returned 1 exit status


